TN:
SF:src/components/DocumentSelector.tsx
FN:81,DocumentSelector
FN:105,(anonymous_1)
FN:106,(anonymous_2)
FN:109,(anonymous_3)
FN:113,(anonymous_4)
FN:114,(anonymous_5)
FN:116,(anonymous_6)
FN:121,(anonymous_7)
FN:123,(anonymous_8)
FN:129,(anonymous_9)
FN:131,(anonymous_10)
FN:134,(anonymous_11)
FN:135,(anonymous_12)
FN:135,(anonymous_13)
FN:136,(anonymous_14)
FN:143,(anonymous_15)
FN:148,(anonymous_16)
FN:149,(anonymous_17)
FN:150,(anonymous_18)
FN:154,(anonymous_19)
FN:155,(anonymous_20)
FN:156,(anonymous_21)
FN:160,(anonymous_22)
FN:162,(anonymous_23)
FN:163,(anonymous_24)
FN:167,(anonymous_25)
FN:173,(anonymous_26)
FN:179,(anonymous_27)
FN:183,(anonymous_28)
FN:186,(anonymous_29)
FN:187,(anonymous_30)
FN:193,(anonymous_31)
FN:211,(anonymous_32)
FN:220,(anonymous_33)
FN:233,(anonymous_34)
FN:254,(anonymous_35)
FN:258,(anonymous_36)
FN:264,(anonymous_37)
FN:274,(anonymous_38)
FN:295,(anonymous_39)
FN:307,(anonymous_40)
FN:325,(anonymous_41)
FN:328,(anonymous_42)
FN:343,(anonymous_43)
FN:350,(anonymous_44)
FN:430,(anonymous_45)
FN:443,(anonymous_46)
FN:468,(anonymous_47)
FN:473,(anonymous_48)
FN:494,(anonymous_49)
FN:497,(anonymous_50)
FN:518,(anonymous_51)
FN:549,(anonymous_52)
FN:561,(anonymous_53)
FN:565,(anonymous_54)
FN:585,(anonymous_55)
FN:588,(anonymous_56)
FN:605,(anonymous_57)
FN:610,(anonymous_58)
FN:694,(anonymous_59)
FN:706,(anonymous_60)
FN:718,(anonymous_61)
FN:730,(anonymous_62)
FN:755,(anonymous_63)
FN:756,(anonymous_64)
FN:781,(anonymous_65)
FN:785,(anonymous_66)
FN:802,(anonymous_67)
FN:806,(anonymous_68)
FN:826,(anonymous_69)
FN:830,(anonymous_70)
FN:858,(anonymous_71)
FN:862,(anonymous_72)
FNF:73
FNH:0
FNDA:0,DocumentSelector
FNDA:0,(anonymous_1)
FNDA:0,(anonymous_2)
FNDA:0,(anonymous_3)
FNDA:0,(anonymous_4)
FNDA:0,(anonymous_5)
FNDA:0,(anonymous_6)
FNDA:0,(anonymous_7)
FNDA:0,(anonymous_8)
FNDA:0,(anonymous_9)
FNDA:0,(anonymous_10)
FNDA:0,(anonymous_11)
FNDA:0,(anonymous_12)
FNDA:0,(anonymous_13)
FNDA:0,(anonymous_14)
FNDA:0,(anonymous_15)
FNDA:0,(anonymous_16)
FNDA:0,(anonymous_17)
FNDA:0,(anonymous_18)
FNDA:0,(anonymous_19)
FNDA:0,(anonymous_20)
FNDA:0,(anonymous_21)
FNDA:0,(anonymous_22)
FNDA:0,(anonymous_23)
FNDA:0,(anonymous_24)
FNDA:0,(anonymous_25)
FNDA:0,(anonymous_26)
FNDA:0,(anonymous_27)
FNDA:0,(anonymous_28)
FNDA:0,(anonymous_29)
FNDA:0,(anonymous_30)
FNDA:0,(anonymous_31)
FNDA:0,(anonymous_32)
FNDA:0,(anonymous_33)
FNDA:0,(anonymous_34)
FNDA:0,(anonymous_35)
FNDA:0,(anonymous_36)
FNDA:0,(anonymous_37)
FNDA:0,(anonymous_38)
FNDA:0,(anonymous_39)
FNDA:0,(anonymous_40)
FNDA:0,(anonymous_41)
FNDA:0,(anonymous_42)
FNDA:0,(anonymous_43)
FNDA:0,(anonymous_44)
FNDA:0,(anonymous_45)
FNDA:0,(anonymous_46)
FNDA:0,(anonymous_47)
FNDA:0,(anonymous_48)
FNDA:0,(anonymous_49)
FNDA:0,(anonymous_50)
FNDA:0,(anonymous_51)
FNDA:0,(anonymous_52)
FNDA:0,(anonymous_53)
FNDA:0,(anonymous_54)
FNDA:0,(anonymous_55)
FNDA:0,(anonymous_56)
FNDA:0,(anonymous_57)
FNDA:0,(anonymous_58)
FNDA:0,(anonymous_59)
FNDA:0,(anonymous_60)
FNDA:0,(anonymous_61)
FNDA:0,(anonymous_62)
FNDA:0,(anonymous_63)
FNDA:0,(anonymous_64)
FNDA:0,(anonymous_65)
FNDA:0,(anonymous_66)
FNDA:0,(anonymous_67)
FNDA:0,(anonymous_68)
FNDA:0,(anonymous_69)
FNDA:0,(anonymous_70)
FNDA:0,(anonymous_71)
FNDA:0,(anonymous_72)
DA:15,0
DA:16,0
DA:17,0
DA:19,0
DA:33,0
DA:57,0
DA:64,0
DA:69,0
DA:75,0
DA:82,0
DA:83,0
DA:84,0
DA:85,0
DA:86,0
DA:87,0
DA:88,0
DA:89,0
DA:100,0
DA:101,0
DA:103,0
DA:105,0
DA:106,0
DA:109,0
DA:110,0
DA:113,0
DA:114,0
DA:115,0
DA:116,0
DA:117,0
DA:118,0
DA:119,0
DA:121,0
DA:123,0
DA:124,0
DA:129,0
DA:130,0
DA:131,0
DA:134,0
DA:135,0
DA:136,0
DA:137,0
DA:138,0
DA:139,0
DA:143,0
DA:144,0
DA:145,0
DA:148,0
DA:149,0
DA:150,0
DA:154,0
DA:155,0
DA:156,0
DA:160,0
DA:161,0
DA:162,0
DA:163,0
DA:167,0
DA:168,0
DA:169,0
DA:173,0
DA:174,0
DA:175,0
DA:179,0
DA:180,0
DA:181,0
DA:183,0
DA:186,0
DA:187,0
DA:188,0
DA:193,0
DA:194,0
DA:195,0
DA:196,0
DA:199,0
DA:201,0
DA:203,0
DA:204,0
DA:207,0
DA:208,0
DA:209,0
DA:211,0
DA:212,0
DA:215,0
DA:219,0
DA:220,0
DA:225,0
DA:226,0
DA:227,0
DA:229,0
DA:233,0
DA:234,0
DA:236,0
DA:255,0
DA:256,0
DA:259,0
DA:260,0
DA:261,0
DA:265,0
DA:266,0
DA:267,0
DA:275,0
DA:276,0
DA:295,0
DA:296,0
DA:307,0
DA:325,0
DA:326,0
DA:328,0
DA:344,0
DA:345,0
DA:346,0
DA:347,0
DA:351,0
DA:352,0
DA:353,0
DA:354,0
DA:362,0
DA:430,0
DA:444,0
DA:469,0
DA:470,0
DA:474,0
DA:495,0
DA:498,0
DA:519,0
DA:549,0
DA:562,0
DA:563,0
DA:566,0
DA:567,0
DA:586,0
DA:588,0
DA:606,0
DA:607,0
DA:611,0
DA:612,0
DA:694,0
DA:706,0
DA:718,0
DA:730,0
DA:755,0
DA:756,0
DA:781,0
DA:785,0
DA:802,0
DA:806,0
DA:826,0
DA:831,0
DA:858,0
DA:863,0
LF:150
LH:0
BRDA:115,0,0,0
BRDA:115,0,1,0
BRDA:161,1,0,0
BRDA:161,1,1,0
BRDA:168,2,0,0
BRDA:168,2,1,0
BRDA:174,3,0,0
BRDA:174,3,1,0
BRDA:180,4,0,0
BRDA:180,4,1,0
BRDA:183,5,0,0
BRDA:183,5,1,0
BRDA:188,6,0,0
BRDA:188,6,1,0
BRDA:188,6,2,0
BRDA:194,7,0,0
BRDA:194,7,1,0
BRDA:204,8,0,0
BRDA:204,8,1,0
BRDA:204,9,0,0
BRDA:204,9,1,0
BRDA:209,10,0,0
BRDA:209,10,1,0
BRDA:219,11,0,0
BRDA:219,11,1,0
BRDA:219,12,0,0
BRDA:219,12,1,0
BRDA:226,13,0,0
BRDA:226,13,1,0
BRDA:245,14,0,0
BRDA:245,14,1,0
BRDA:247,15,0,0
BRDA:247,15,1,0
BRDA:248,16,0,0
BRDA:248,16,1,0
BRDA:259,17,0,0
BRDA:259,17,1,0
BRDA:265,18,0,0
BRDA:265,18,1,0
BRDA:285,19,0,0
BRDA:285,19,1,0
BRDA:301,20,0,0
BRDA:301,20,1,0
BRDA:316,21,0,0
BRDA:316,21,1,0
BRDA:331,22,0,0
BRDA:331,22,1,0
BRDA:332,23,0,0
BRDA:332,23,1,0
BRDA:333,24,0,0
BRDA:333,24,1,0
BRDA:339,25,0,0
BRDA:339,25,1,0
BRDA:344,26,0,0
BRDA:344,26,1,0
BRDA:351,27,0,0
BRDA:351,27,1,0
BRDA:384,28,0,0
BRDA:384,28,1,0
BRDA:386,29,0,0
BRDA:386,29,1,0
BRDA:406,30,0,0
BRDA:406,30,1,0
BRDA:415,31,0,0
BRDA:415,31,1,0
BRDA:422,32,0,0
BRDA:422,32,1,0
BRDA:427,33,0,0
BRDA:427,33,1,0
BRDA:464,34,0,0
BRDA:464,34,1,0
BRDA:465,35,0,0
BRDA:465,35,1,0
BRDA:469,36,0,0
BRDA:469,36,1,0
BRDA:477,37,0,0
BRDA:477,37,1,0
BRDA:530,38,0,0
BRDA:530,38,1,0
BRDA:530,39,0,0
BRDA:530,39,1,0
BRDA:533,40,0,0
BRDA:533,40,1,0
BRDA:594,41,0,0
BRDA:594,41,1,0
BRDA:595,42,0,0
BRDA:595,42,1,0
BRDA:596,43,0,0
BRDA:596,43,1,0
BRDA:606,44,0,0
BRDA:606,44,1,0
BRDA:611,45,0,0
BRDA:611,45,1,0
BRDA:618,46,0,0
BRDA:618,46,1,0
BRDA:660,47,0,0
BRDA:660,47,1,0
BRDA:673,48,0,0
BRDA:673,48,1,0
BRDA:686,49,0,0
BRDA:686,49,1,0
BRDA:698,50,0,0
BRDA:698,50,1,0
BRDA:710,51,0,0
BRDA:710,51,1,0
BRDA:722,52,0,0
BRDA:722,52,1,0
BRDA:735,53,0,0
BRDA:735,53,1,0
BRDA:747,54,0,0
BRDA:747,54,1,0
BRDA:761,55,0,0
BRDA:761,55,1,0
BRDA:776,56,0,0
BRDA:776,56,1,0
BRDA:797,57,0,0
BRDA:797,57,1,0
BRDA:879,58,0,0
BRDA:879,58,1,0
BRF:119
BRH:0
end_of_record
TN:
SF:src/components/FormBuilder.tsx
FN:16,FormBuilder
FN:19,(anonymous_1)
FN:20,(anonymous_2)
FN:21,(anonymous_3)
FN:27,(anonymous_4)
FN:31,(anonymous_5)
FN:35,(anonymous_6)
FN:44,(anonymous_7)
FN:52,(anonymous_8)
FNF:9
FNH:0
FNDA:0,FormBuilder
FNDA:0,(anonymous_1)
FNDA:0,(anonymous_2)
FNDA:0,(anonymous_3)
FNDA:0,(anonymous_4)
FNDA:0,(anonymous_5)
FNDA:0,(anonymous_6)
FNDA:0,(anonymous_7)
FNDA:0,(anonymous_8)
DA:9,0
DA:17,0
DA:19,0
DA:20,0
DA:21,0
DA:22,0
DA:27,0
DA:28,0
DA:31,0
DA:32,0
DA:35,0
DA:37,0
DA:45,0
DA:52,0
LF:14
LH:0
BRDA:22,0,0,0
BRDA:22,0,1,0
BRDA:50,1,0,0
BRDA:50,1,1,0
BRF:4
BRH:0
end_of_record
TN:
SF:src/components/ModernDocumentSelector.tsx
FN:104,ModernDocumentSelector
FN:116,(anonymous_1)
FN:121,(anonymous_2)
FN:122,(anonymous_3)
FN:126,(anonymous_4)
FN:127,(anonymous_5)
FN:132,(anonymous_6)
FN:133,(anonymous_7)
FN:135,(anonymous_8)
FN:140,(anonymous_9)
FN:142,(anonymous_10)
FN:148,(anonymous_11)
FN:150,(anonymous_12)
FN:153,(anonymous_13)
FN:154,(anonymous_14)
FN:154,(anonymous_15)
FN:155,(anonymous_16)
FN:162,(anonymous_17)
FN:167,(anonymous_18)
FN:169,(anonymous_19)
FN:170,(anonymous_20)
FN:174,(anonymous_21)
FN:180,(anonymous_22)
FN:186,(anonymous_23)
FN:190,(anonymous_24)
FN:193,(anonymous_25)
FN:194,(anonymous_26)
FN:198,(anonymous_27)
FN:218,(anonymous_28)
FN:222,(anonymous_29)
FN:237,(anonymous_30)
FN:247,(anonymous_31)
FN:259,(anonymous_32)
FN:262,(anonymous_33)
FN:276,(anonymous_34)
FN:285,(anonymous_35)
FN:286,(anonymous_36)
FN:345,(anonymous_37)
FN:349,(anonymous_38)
FN:354,(anonymous_39)
FN:386,(anonymous_40)
FN:409,(anonymous_41)
FN:422,(anonymous_42)
FN:425,(anonymous_43)
FN:483,(anonymous_44)
FN:494,(anonymous_45)
FN:505,(anonymous_46)
FN:516,(anonymous_47)
FN:538,(anonymous_48)
FN:539,(anonymous_49)
FN:556,(anonymous_50)
FN:562,(anonymous_51)
FN:563,(anonymous_52)
FN:576,(anonymous_53)
FN:582,(anonymous_54)
FN:583,(anonymous_55)
FN:600,(anonymous_56)
FN:625,(anonymous_57)
FNF:58
FNH:33
FNDA:71,ModernDocumentSelector
FNDA:22,(anonymous_1)
FNDA:2,(anonymous_2)
FNDA:2,(anonymous_3)
FNDA:48,(anonymous_4)
FNDA:1200,(anonymous_5)
FNDA:17,(anonymous_6)
FNDA:17,(anonymous_7)
FNDA:3,(anonymous_8)
FNDA:3,(anonymous_9)
FNDA:14,(anonymous_10)
FNDA:0,(anonymous_11)
FNDA:0,(anonymous_12)
FNDA:0,(anonymous_13)
FNDA:0,(anonymous_14)
FNDA:0,(anonymous_15)
FNDA:0,(anonymous_16)
FNDA:1,(anonymous_17)
FNDA:0,(anonymous_18)
FNDA:0,(anonymous_19)
FNDA:0,(anonymous_20)
FNDA:0,(anonymous_21)
FNDA:0,(anonymous_22)
FNDA:88,(anonymous_23)
FNDA:38,(anonymous_24)
FNDA:19,(anonymous_25)
FNDA:29,(anonymous_26)
FNDA:3,(anonymous_27)
FNDA:0,(anonymous_28)
FNDA:1,(anonymous_29)
FNDA:0,(anonymous_30)
FNDA:0,(anonymous_31)
FNDA:1083,(anonymous_32)
FNDA:0,(anonymous_33)
FNDA:0,(anonymous_34)
FNDA:17,(anonymous_35)
FNDA:17,(anonymous_36)
FNDA:0,(anonymous_37)
FNDA:0,(anonymous_38)
FNDA:0,(anonymous_39)
FNDA:19,(anonymous_40)
FNDA:26,(anonymous_41)
FNDA:639,(anonymous_42)
FNDA:2,(anonymous_43)
FNDA:720,(anonymous_44)
FNDA:736,(anonymous_45)
FNDA:736,(anonymous_46)
FNDA:736,(anonymous_47)
FNDA:736,(anonymous_48)
FNDA:736,(anonymous_49)
FNDA:0,(anonymous_50)
FNDA:0,(anonymous_51)
FNDA:0,(anonymous_52)
FNDA:0,(anonymous_53)
FNDA:0,(anonymous_54)
FNDA:0,(anonymous_55)
FNDA:322,(anonymous_56)
FNDA:368,(anonymous_57)
DA:22,1
DA:23,1
DA:24,1
DA:27,1
DA:28,1
DA:31,1
DA:43,1
DA:57,1
DA:81,1
DA:88,1
DA:93,1
DA:99,1
DA:104,1
DA:105,71
DA:106,71
DA:107,71
DA:108,71
DA:109,71
DA:110,71
DA:111,71
DA:112,71
DA:113,71
DA:116,71
DA:117,22
DA:121,71
DA:122,2
DA:126,71
DA:127,48
DA:128,1200
DA:132,71
DA:133,17
DA:134,17
DA:135,3
DA:136,3
DA:137,3
DA:138,3
DA:140,3
DA:142,14
DA:143,14
DA:148,71
DA:149,0
DA:150,0
DA:153,71
DA:154,0
DA:155,0
DA:156,0
DA:157,0
DA:158,0
DA:162,71
DA:163,1
DA:164,1
DA:167,71
DA:168,0
DA:169,0
DA:170,0
DA:174,71
DA:175,0
DA:176,0
DA:180,71
DA:181,0
DA:182,0
DA:186,71
DA:187,88
DA:188,0
DA:190,88
DA:193,71
DA:194,29
DA:195,19
DA:198,71
DA:199,3
DA:200,0
DA:201,0
DA:204,3
DA:205,3
DA:207,3
DA:208,3
DA:209,3
DA:210,3
DA:212,3
DA:213,3
DA:214,3
DA:215,2
DA:218,2
DA:219,0
DA:222,2
DA:223,1
DA:224,1
DA:226,0
DA:230,1
DA:234,2
DA:235,2
DA:236,2
DA:237,0
DA:242,1
DA:243,1
DA:244,1
DA:247,1
DA:248,0
DA:249,0
DA:251,0
DA:255,3
DA:259,71
DA:260,1083
DA:262,1083
DA:263,0
DA:264,0
DA:265,0
DA:269,1083
DA:277,0
DA:278,0
DA:285,17
DA:286,17
DA:314,71
DA:345,0
DA:349,0
DA:355,0
DA:387,19
DA:409,26
DA:423,639
DA:425,2
DA:483,720
DA:494,736
DA:505,736
DA:516,736
DA:538,736
DA:539,736
DA:556,0
DA:562,0
DA:563,0
DA:576,0
DA:582,0
DA:583,0
DA:601,322
DA:626,368
LF:134
LH:97
BRDA:134,0,0,3
BRDA:134,0,1,14
BRDA:168,1,0,0
BRDA:168,1,1,0
BRDA:175,2,0,0
BRDA:175,2,1,0
BRDA:181,3,0,0
BRDA:181,3,1,0
BRDA:187,4,0,0
BRDA:187,4,1,88
BRDA:190,5,0,38
BRDA:190,5,1,0
BRDA:195,6,0,19
BRDA:195,6,1,0
BRDA:195,6,2,0
BRDA:199,7,0,0
BRDA:199,7,1,3
BRDA:210,8,0,0
BRDA:210,8,1,3
BRDA:210,9,0,3
BRDA:210,9,1,0
BRDA:214,10,0,2
BRDA:214,10,1,1
BRDA:236,11,0,0
BRDA:236,11,1,2
BRDA:236,12,0,2
BRDA:236,12,1,2
BRDA:243,13,0,1
BRDA:243,13,1,0
BRDA:263,14,0,0
BRDA:263,14,1,0
BRDA:263,15,0,0
BRDA:263,15,1,0
BRDA:274,16,0,19
BRDA:274,16,1,1064
BRDA:291,17,0,1083
BRDA:291,17,1,9
BRDA:297,18,0,19
BRDA:297,18,1,1064
BRDA:301,19,0,1083
BRDA:301,19,1,883
BRDA:322,20,0,17
BRDA:322,20,1,54
BRDA:339,21,0,71
BRDA:339,21,1,17
BRDA:348,22,0,17
BRDA:348,22,1,0
BRDA:371,23,0,0
BRDA:371,23,1,17
BRDA:389,24,0,0
BRDA:389,24,1,19
BRDA:389,25,0,19
BRDA:389,25,1,0
BRDA:392,26,0,17
BRDA:392,26,1,0
BRDA:426,27,0,567
BRDA:426,27,1,72
BRDA:429,28,0,567
BRDA:429,28,1,72
BRDA:455,29,0,25
BRDA:455,29,1,46
BRDA:465,30,0,46
BRDA:465,30,1,46
BRDA:477,31,0,46
BRDA:477,31,1,45
BRDA:488,32,0,46
BRDA:488,32,1,46
BRDA:499,33,0,46
BRDA:499,33,1,46
BRDA:510,34,0,46
BRDA:510,34,1,46
BRDA:521,35,0,46
BRDA:521,35,1,46
BRDA:532,36,0,46
BRDA:532,36,1,46
BRDA:545,37,0,46
BRDA:545,37,1,46
BRDA:554,38,0,0
BRDA:554,38,1,46
BRDA:574,39,0,0
BRDA:574,39,1,46
BRDA:645,40,0,46
BRDA:645,40,1,0
BRF:83
BRH:56
end_of_record
TN:
SF:src/components/ModernFormBuilder.tsx
FN:47,ModernFormBuilder
FN:50,(anonymous_1)
FN:51,(anonymous_2)
FN:52,(anonymous_3)
FN:58,(anonymous_4)
FN:67,(anonymous_5)
FN:68,(anonymous_6)
FN:72,(anonymous_7)
FN:73,(anonymous_8)
FN:74,(anonymous_9)
FN:139,(anonymous_10)
FN:157,(anonymous_11)
FN:214,(anonymous_12)
FNF:13
FNH:13
FNDA:1194,ModernFormBuilder
FNDA:1163,(anonymous_1)
FNDA:1163,(anonymous_2)
FNDA:4652,(anonymous_3)
FNDA:3,(anonymous_4)
FNDA:2,(anonymous_5)
FNDA:8,(anonymous_6)
FNDA:1194,(anonymous_7)
FNDA:4776,(anonymous_8)
FNDA:1323,(anonymous_9)
FNDA:4776,(anonymous_10)
FNDA:1163,(anonymous_11)
FNDA:4776,(anonymous_12)
DA:16,1
DA:47,1
DA:48,1194
DA:50,1194
DA:51,1163
DA:52,1163
DA:53,4652
DA:58,1194
DA:59,3
DA:60,3
DA:62,1
DA:63,1
DA:67,1194
DA:68,8
DA:72,1194
DA:73,4776
DA:74,1323
DA:75,1194
DA:77,1194
DA:84,1194
DA:140,4776
DA:141,4776
DA:157,1163
DA:215,4776
LF:24
LH:24
BRDA:53,0,0,1163
BRDA:53,0,1,3489
BRDA:155,1,0,4776
BRDA:155,1,1,0
BRDA:161,2,0,1182
BRDA:161,2,1,3594
BRDA:220,3,0,1184
BRDA:220,3,1,3592
BRDA:222,4,0,19
BRDA:222,4,1,1165
BRDA:222,5,0,1184
BRDA:222,5,1,19
BRF:12
BRH:11
end_of_record
TN:
SF:src/components/HomepageFeatures/index.tsx
FN:45,Feature
FN:61,HomepageFeatures
FN:66,(anonymous_2)
FNF:3
FNH:0
FNDA:0,Feature
FNDA:0,HomepageFeatures
FNDA:0,(anonymous_2)
DA:12,0
DA:46,0
DA:62,0
DA:67,0
LF:4
LH:0
BRF:0
BRH:0
end_of_record
TN:
SF:src/components/ui/button.tsx
FN:42,(anonymous_0)
FNF:1
FNH:1
FNDA:3135,(anonymous_0)
DA:6,3
DA:41,3
DA:43,3135
DA:44,3135
DA:53,3
LF:5
LH:5
BRDA:42,0,0,3134
BRDA:43,1,0,1
BRDA:43,1,1,3134
BRF:3
BRH:3
end_of_record
TN:
SF:src/components/ui/card.tsx
FN:7,(anonymous_0)
FN:22,(anonymous_1)
FN:34,(anonymous_2)
FN:49,(anonymous_3)
FN:61,(anonymous_4)
FN:69,(anonymous_5)
FNF:6
FNH:5
FNDA:6033,(anonymous_0)
FNDA:3650,(anonymous_1)
FNDA:3650,(anonymous_2)
FNDA:3650,(anonymous_3)
FNDA:4785,(anonymous_4)
FNDA:0,(anonymous_5)
DA:4,2
DA:8,6033
DA:17,2
DA:19,2
DA:23,3650
DA:29,2
DA:31,2
DA:35,3650
DA:44,2
DA:46,2
DA:50,3650
DA:56,2
DA:58,2
DA:62,4785
DA:64,2
DA:66,2
DA:70,0
DA:76,2
LF:18
LH:17
BRF:0
BRH:0
end_of_record
TN:
SF:src/components/ui/checkbox.tsx
FN:9,(anonymous_0)
FNF:1
FNH:1
FNDA:1117,(anonymous_0)
DA:6,1
DA:10,1117
DA:25,1
LF:3
LH:3
BRF:0
BRH:0
end_of_record
TN:
SF:src/components/ui/input.tsx
FN:8,(anonymous_0)
FNF:1
FNH:1
FNDA:4844,(anonymous_0)
DA:7,2
DA:9,4844
DA:22,2
LF:3
LH:3
BRF:0
BRH:0
end_of_record
TN:
SF:src/components/ui/select.tsx
FN:15,(anonymous_0)
FN:35,(anonymous_1)
FN:52,(anonymous_2)
FN:70,(anonymous_3)
FN:102,(anonymous_4)
FN:114,(anonymous_5)
FN:137,(anonymous_6)
FNF:7
FNH:5
FNDA:86,(anonymous_0)
FNDA:86,(anonymous_1)
FNDA:86,(anonymous_2)
FNDA:86,(anonymous_3)
FNDA:0,(anonymous_4)
FNDA:645,(anonymous_5)
FNDA:0,(anonymous_6)
DA:6,1
DA:8,1
DA:10,1
DA:12,1
DA:16,86
DA:30,1
DA:32,1
DA:36,86
DA:47,1
DA:49,1
DA:53,86
DA:64,1
DA:67,1
DA:71,86
DA:97,1
DA:99,1
DA:103,0
DA:109,1
DA:111,1
DA:115,645
DA:132,1
DA:134,1
DA:138,0
DA:144,1
LF:24
LH:22
BRDA:70,0,0,86
BRDA:76,1,0,86
BRDA:76,1,1,86
BRDA:87,2,0,86
BRDA:87,2,1,86
BRF:5
BRH:5
end_of_record
TN:
SF:src/lib/utils.ts
FN:4,cn
FNF:1
FNH:1
FNDA:40161,cn
DA:5,40161
LF:1
LH:1
BRF:0
BRH:0
end_of_record
TN:
SF:src/pages/document-hub.tsx
FN:5,DocumentHub
FNF:1
FNH:0
FNDA:0,DocumentHub
DA:6,0
LF:1
LH:0
BRF:0
BRH:0
end_of_record
TN:
SF:src/pages/form-generator.tsx
FN:5,FormGenerator
FNF:1
FNH:0
FNDA:0,FormGenerator
DA:6,0
LF:1
LH:0
BRF:0
BRH:0
end_of_record
TN:
SF:src/pages/index.tsx
FN:11,HomepageHeader
FN:24,Home
FNF:2
FNH:0
FNDA:0,HomepageHeader
FNDA:0,Home
DA:12,0
DA:13,0
DA:25,0
DA:26,0
LF:4
LH:0
BRF:0
BRH:0
end_of_record
TN:
SF:src/pages/providers.tsx
FN:30,Providers
FN:38,(anonymous_1)
FN:44,(anonymous_2)
FN:48,(anonymous_3)
FN:49,(anonymous_4)
FN:57,(anonymous_5)
FN:58,(anonymous_6)
FN:84,(anonymous_7)
FN:85,(anonymous_8)
FN:87,(anonymous_9)
FN:92,(anonymous_10)
FN:103,(anonymous_11)
FN:112,(anonymous_12)
FN:160,(anonymous_13)
FN:172,(anonymous_14)
FN:176,(anonymous_15)
FN:197,(anonymous_16)
FN:200,(anonymous_17)
FN:213,(anonymous_18)
FN:218,(anonymous_19)
FN:267,(anonymous_20)
FN:270,(anonymous_21)
FN:280,(anonymous_22)
FN:297,(anonymous_23)
FN:327,(anonymous_24)
FN:340,(anonymous_25)
FN:345,(anonymous_26)
FN:413,(anonymous_27)
FN:440,(anonymous_28)
FNF:29
FNH:0
FNDA:0,Providers
FNDA:0,(anonymous_1)
FNDA:0,(anonymous_2)
FNDA:0,(anonymous_3)
FNDA:0,(anonymous_4)
FNDA:0,(anonymous_5)
FNDA:0,(anonymous_6)
FNDA:0,(anonymous_7)
FNDA:0,(anonymous_8)
FNDA:0,(anonymous_9)
FNDA:0,(anonymous_10)
FNDA:0,(anonymous_11)
FNDA:0,(anonymous_12)
FNDA:0,(anonymous_13)
FNDA:0,(anonymous_14)
FNDA:0,(anonymous_15)
FNDA:0,(anonymous_16)
FNDA:0,(anonymous_17)
FNDA:0,(anonymous_18)
FNDA:0,(anonymous_19)
FNDA:0,(anonymous_20)
FNDA:0,(anonymous_21)
FNDA:0,(anonymous_22)
FNDA:0,(anonymous_23)
FNDA:0,(anonymous_24)
FNDA:0,(anonymous_25)
FNDA:0,(anonymous_26)
FNDA:0,(anonymous_27)
FNDA:0,(anonymous_28)
DA:31,0
DA:32,0
DA:33,0
DA:35,0
DA:38,0
DA:39,0
DA:42,0
DA:43,0
DA:44,0
DA:45,0
DA:48,0
DA:49,0
DA:56,0
DA:57,0
DA:58,0
DA:59,0
DA:61,0
DA:63,0
DA:65,0
DA:67,0
DA:69,0
DA:71,0
DA:73,0
DA:75,0
DA:81,0
DA:84,0
DA:85,0
DA:86,0
DA:87,0
DA:92,0
DA:93,0
DA:94,0
DA:95,0
DA:96,0
DA:97,0
DA:98,0
DA:99,0
DA:100,0
DA:103,0
DA:104,0
DA:105,0
DA:106,0
DA:107,0
DA:108,0
DA:112,0
DA:114,0
DA:160,0
DA:173,0
DA:174,0
DA:177,0
DA:178,0
DA:198,0
DA:200,0
DA:214,0
DA:215,0
DA:219,0
DA:220,0
DA:268,0
DA:271,0
DA:280,0
DA:297,0
DA:328,0
DA:341,0
DA:342,0
DA:343,0
DA:346,0
DA:347,0
DA:348,0
DA:414,0
DA:441,0
LF:70
LH:0
BRDA:42,0,0,0
BRDA:42,0,1,0
BRDA:45,1,0,0
BRDA:45,1,1,0
BRDA:45,1,2,0
BRDA:45,1,3,0
BRDA:45,1,4,0
BRDA:45,1,5,0
BRDA:45,1,6,0
BRDA:56,2,0,0
BRDA:56,2,1,0
BRDA:59,3,0,0
BRDA:59,3,1,0
BRDA:59,3,2,0
BRDA:59,3,3,0
BRDA:59,3,4,0
BRDA:59,3,5,0
BRDA:59,3,6,0
BRDA:59,3,7,0
BRDA:86,4,0,0
BRDA:86,4,1,0
BRDA:104,5,0,0
BRDA:104,5,1,0
BRDA:104,5,2,0
BRDA:104,5,3,0
BRDA:203,6,0,0
BRDA:203,6,1,0
BRDA:204,7,0,0
BRDA:204,7,1,0
BRDA:204,8,0,0
BRDA:204,8,1,0
BRDA:205,9,0,0
BRDA:205,9,1,0
BRDA:205,10,0,0
BRDA:205,10,1,0
BRDA:214,11,0,0
BRDA:214,11,1,0
BRDA:215,12,0,0
BRDA:215,12,1,0
BRDA:219,13,0,0
BRDA:219,13,1,0
BRDA:284,14,0,0
BRDA:284,14,1,0
BRDA:285,15,0,0
BRDA:285,15,1,0
BRDA:291,16,0,0
BRDA:291,16,1,0
BRDA:301,17,0,0
BRDA:301,17,1,0
BRDA:302,18,0,0
BRDA:302,18,1,0
BRDA:308,19,0,0
BRDA:308,19,1,0
BRDA:322,20,0,0
BRDA:322,20,1,0
BRDA:323,21,0,0
BRDA:323,21,1,0
BRDA:324,22,0,0
BRDA:324,22,1,0
BRDA:396,23,0,0
BRDA:396,23,1,0
BRDA:405,24,0,0
BRDA:405,24,1,0
BRDA:419,25,0,0
BRDA:419,25,1,0
BRDA:424,26,0,0
BRDA:424,26,1,0
BRDA:425,27,0,0
BRDA:425,27,1,0
BRDA:461,28,0,0
BRDA:461,28,1,0
BRF:71
BRH:0
end_of_record
TN:
SF:src/test-utils/index.tsx
FN:5,(anonymous_0)
FN:9,(anonymous_1)
FN:18,(anonymous_2)
FN:24,(anonymous_3)
FN:32,(anonymous_4)
FN:33,(anonymous_5)
FN:70,(anonymous_6)
FN:75,(anonymous_7)
FN:80,(anonymous_8)
FNF:9
FNH:3
FNDA:72,(anonymous_0)
FNDA:72,(anonymous_1)
FNDA:0,(anonymous_2)
FNDA:9,(anonymous_3)
FNDA:0,(anonymous_4)
FNDA:0,(anonymous_5)
FNDA:0,(anonymous_6)
FNDA:0,(anonymous_7)
FNDA:0,(anonymous_8)
DA:5,3
DA:6,72
DA:9,3
DA:12,72
DA:18,3
DA:24,9
DA:32,3
DA:33,0
DA:36,3
DA:63,3
DA:70,3
DA:71,0
DA:72,0
DA:75,3
DA:76,0
DA:80,3
DA:81,0
DA:85,3
DA:91,3
LF:19
LH:14
BRDA:32,0,0,0
BRF:1
BRH:0
end_of_record
